<?xml version="1.0" encoding="UTF-8"?>
<!-- Generated by org.testng.reporters.JUnitReportReporter -->
<testsuite hostname="WBS-DT-0028" failures="0" tests="1" name="com.auto.testcases.Login" time="12.307" errors="0" timestamp="2021-10-20T18:32:24 IST" skipped="0">
  <testcase classname="com.auto.testcases.Login" name="LoginApp" time="12.307"/>
  <system-out/>
</testsuite> <!-- com.auto.testcases.Login -->
